0 info it worked if it ends with ok
1 verbose cli [ 'node', '/usr/local/bin/npm', 'info', 'morajjj' ]
2 info using npm@2.2.0
3 info using node@v0.10.26
4 silly mapToRegistry name morajjj
5 silly mapToRegistry using default registry
6 silly mapToRegistry registry https://registry.npm.taobao.org/
7 silly mapToRegistry uri https://registry.npm.taobao.org/morajjj
8 verbose request uri https://registry.npm.taobao.org/morajjj
9 verbose request no auth needed
10 info attempt registry request try #1 at 09:41:17
11 verbose request id 8853bfe6d58bb717
12 http request GET https://registry.npm.taobao.org/morajjj
13 http 404 https://registry.npm.taobao.org/morajjj
14 verbose headers { server: 'nginx/1.1.19',
14 verbose headers   date: 'Mon, 19 Jan 2015 01:41:17 GMT',
14 verbose headers   'content-type': 'application/json; charset=utf-8',
14 verbose headers   'content-length': '51',
14 verbose headers   connection: 'keep-alive',
14 verbose headers   'x-powered-by': 'koa',
14 verbose headers   'x-readtime': '14' }
15 silly get cb [ 404,
15 silly get   { server: 'nginx/1.1.19',
15 silly get     date: 'Mon, 19 Jan 2015 01:41:17 GMT',
15 silly get     'content-type': 'application/json; charset=utf-8',
15 silly get     'content-length': '51',
15 silly get     connection: 'keep-alive',
15 silly get     'x-powered-by': 'koa',
15 silly get     'x-readtime': '14' } ]
16 verbose stack Error: 404 Not Found: morajjj
16 verbose stack     at CachingRegistryClient.<anonymous> (/usr/local/lib/node_modules/npm/node_modules/npm-registry-client/lib/request.js:241:14)
16 verbose stack     at Request._callback (/usr/local/lib/node_modules/npm/node_modules/npm-registry-client/lib/request.js:172:14)
16 verbose stack     at Request.self.callback (/usr/local/lib/node_modules/npm/node_modules/request/request.js:373:22)
16 verbose stack     at Request.EventEmitter.emit (events.js:98:17)
16 verbose stack     at Request.<anonymous> (/usr/local/lib/node_modules/npm/node_modules/request/request.js:1318:14)
16 verbose stack     at Request.EventEmitter.emit (events.js:117:20)
16 verbose stack     at IncomingMessage.<anonymous> (/usr/local/lib/node_modules/npm/node_modules/request/request.js:1266:12)
16 verbose stack     at IncomingMessage.EventEmitter.emit (events.js:117:20)
16 verbose stack     at _stream_readable.js:920:16
16 verbose stack     at process._tickCallback (node.js:415:13)
17 verbose statusCode 404
18 verbose pkgid morajjj
19 verbose cwd /Users/mora/Workspace/crm
20 error Darwin 14.0.0
21 error argv "node" "/usr/local/bin/npm" "info" "morajjj"
22 error node v0.10.26
23 error npm  v2.2.0
24 error code E404
25 error 404 Not Found: morajjj
25 error 404
25 error 404 'morajjj' is not in the npm registry.
25 error 404 You should bug the author to publish it (or use the name yourself!)
25 error 404
25 error 404 Note that you can also install from a
25 error 404 tarball, folder, http url, or git url.
26 verbose exit [ 1, true ]
